2022-07-22 11:33:31 INFO  EmployeesRestAPI:29 - *********Started TC003_Post_Employee_Record **********
2022-07-22 11:33:39 INFO  EmployeesRestAPI:103 - *********  Finished TC003_Post_Employee_Record **********
2022-07-22 11:33:57 INFO  EmployeesRestAPI:29 - *********Started TC003_Post_Employee_Record **********
2022-07-22 11:34:04 INFO  EmployeesRestAPI:103 - *********  Finished TC003_Post_Employee_Record **********
2022-07-22 11:34:40 INFO  EmployeesRestAPI:29 - *********Started TC003_Post_Employee_Record **********
2022-07-22 11:34:47 INFO  EmployeesRestAPI:103 - *********  Finished TC003_Post_Employee_Record **********
2022-07-22 11:36:41 INFO  EmployeesRestAPI:16 - *********Started TC002_Get_Single_Employee_Record **********
2022-07-22 11:36:50 INFO  EmployeesRestAPI:79 - *********  Finished TC002_Get_Single_Employee_Record **********
2022-07-22 11:36:57 INFO  EmployeesRestAPI:16 - *********Started TC002_Get_Single_Employee_Record **********
2022-07-22 11:37:06 INFO  EmployeesRestAPI:79 - *********  Finished TC002_Get_Single_Employee_Record **********
2022-07-22 11:38:43 INFO  EmployeesRestAPI:16 - *********Started TC002_Get_Single_Employee_Record **********
2022-07-22 11:38:53 INFO  EmployeesRestAPI:81 - *********  Finished TC002_Get_Single_Employee_Record **********
2022-07-22 11:39:45 INFO  EmployeesRestAPI:16 - *********Started TC002_Get_Single_Employee_Record **********
2022-07-22 11:39:54 INFO  EmployeesRestAPI:81 - *********  Finished TC002_Get_Single_Employee_Record **********
2022-07-22 23:36:40 INFO  EmployeesRestAPI:27 - *********Started TC004_Put_Employee_Record **********
2022-07-22 23:36:47 INFO  EmployeesRestAPI:101 - *********  Finished TC004_Put_Employee_Record **********
2022-07-22 23:38:33 INFO  EmployeesRestAPI:22 - *********Started TC005_Delete_Employee_Record **********
2022-07-22 23:44:54 INFO  EmployeesRestAPI:22 - *********Started TC005_Delete_Employee_Record **********
2022-07-22 23:53:07 INFO  EmployeesRestAPI:29 - *********Started TC003_Post_Employee_Record **********
2022-07-22 23:53:12 INFO  EmployeesRestAPI:103 - *********  Finished TC003_Post_Employee_Record **********
2022-07-22 23:53:12 INFO  EmployeesRestAPI:16 - *********Started TC002_Get_Single_Employee_Record **********
2022-07-22 23:53:20 INFO  EmployeesRestAPI:81 - *********  Finished TC002_Get_Single_Employee_Record **********
2022-07-22 23:53:20 INFO  EmployeesRestAPI:27 - *********Started TC004_Put_Employee_Record **********
2022-07-22 23:53:25 INFO  EmployeesRestAPI:101 - *********  Finished TC004_Put_Employee_Record **********
2022-07-22 23:53:25 INFO  EmployeesRestAPI:22 - *********Started TC005_Delete_Employee_Record **********
2022-07-24 14:57:53 INFO  EmployeesRestAPI:29 - *********Started TC003_Post_Employee_Record **********
2022-07-24 14:57:59 INFO  EmployeesRestAPI:103 - *********  Finished TC003_Post_Employee_Record **********
2022-07-24 14:57:59 INFO  EmployeesRestAPI:16 - *********Started TC002_Get_Single_Employee_Record **********
2022-07-24 14:58:06 INFO  EmployeesRestAPI:81 - *********  Finished TC002_Get_Single_Employee_Record **********
2022-07-24 14:58:06 INFO  EmployeesRestAPI:27 - *********Started TC004_Put_Employee_Record **********
2022-07-24 14:58:12 INFO  EmployeesRestAPI:101 - *********  Finished TC004_Put_Employee_Record **********
2022-07-24 14:58:12 INFO  EmployeesRestAPI:22 - *********Started TC005_Delete_Employee_Record **********
